<?xml version="1.0" encoding="UTF-8"?>
<testng-results ignored="0" total="4" passed="4" failed="0" skipped="0">
  <reporter-output>
  </reporter-output>
  <suite started-at="2024-07-11T11:56:36 CEST" name="Surefire suite" finished-at="2024-07-11T11:57:30 CEST" duration-ms="54032">
    <groups>
      <group name="cucumber">
        <method signature="AbstractTestNGCucumberTests.runScenario(io.cucumber.testng.PickleWrapper,io.cucumber.testng.FeatureWrapper)[pri:0, instance:runners.PartIRunner@72f926e6]" name="runScenario" class="io.cucumber.testng.AbstractTestNGCucumberTests"/>
      </group> <!-- cucumber -->
    </groups>
    <test started-at="2024-07-11T11:56:36 CEST" name="Surefire test" finished-at="2024-07-11T11:57:30 CEST" duration-ms="54032">
      <class name="runners.PartIRunner">
        <test-method is-config="true" signature="setUpClass(org.testng.ITestContext)[pri:0, instance:runners.PartIRunner@72f926e6]" started-at="2024-07-11T11:56:36 CEST" name="setUpClass" finished-at="2024-07-11T11:56:36 CEST" duration-ms="374" status="PASS">
          <params>
            <param index="0">
              <value>
                <![CDATA[org.testng.TestRunner@36ad5f2a]]>
              </value>
            </param>
          </params>
          <reporter-output>
          </reporter-output>
        </test-method> <!-- setUpClass -->
        <test-method signature="runScenario(io.cucumber.testng.PickleWrapper,io.cucumber.testng.FeatureWrapper)[pri:0, instance:runners.PartIRunner@72f926e6]" started-at="2024-07-11T11:56:36 CEST" name="runScenario" description="Runs Cucumber Scenarios" data-provider="scenarios" finished-at="2024-07-11T11:56:46 CEST" duration-ms="9239" status="PASS">
          <params>
            <param index="0">
              <value>
                <![CDATA["Navigating to Symphony URL and maximizing the window"]]>
              </value>
            </param>
            <param index="1">
              <value>
                <![CDATA["Part I"]]>
              </value>
            </param>
          </params>
          <reporter-output>
          </reporter-output>
        </test-method> <!-- runScenario -->
        <test-method signature="runScenario(io.cucumber.testng.PickleWrapper,io.cucumber.testng.FeatureWrapper)[pri:0, instance:runners.PartIRunner@72f926e6]" started-at="2024-07-11T11:56:46 CEST" name="runScenario" description="Runs Cucumber Scenarios" data-provider="scenarios" finished-at="2024-07-11T11:56:57 CEST" duration-ms="11066" status="PASS">
          <params>
            <param index="0">
              <value>
                <![CDATA["Opening the About Us-Company section and checking information and URL"]]>
              </value>
            </param>
            <param index="1">
              <value>
                <![CDATA["Part I"]]>
              </value>
            </param>
          </params>
          <reporter-output>
          </reporter-output>
        </test-method> <!-- runScenario -->
        <test-method signature="runScenario(io.cucumber.testng.PickleWrapper,io.cucumber.testng.FeatureWrapper)[pri:0, instance:runners.PartIRunner@72f926e6]" started-at="2024-07-11T11:56:57 CEST" name="runScenario" description="Runs Cucumber Scenarios" data-provider="scenarios" finished-at="2024-07-11T11:57:14 CEST" duration-ms="17543" status="PASS">
          <params>
            <param index="0">
              <value>
                <![CDATA["Opening Careers and checking Current Openings"]]>
              </value>
            </param>
            <param index="1">
              <value>
                <![CDATA["Part I"]]>
              </value>
            </param>
          </params>
          <reporter-output>
          </reporter-output>
        </test-method> <!-- runScenario -->
        <test-method signature="runScenario(io.cucumber.testng.PickleWrapper,io.cucumber.testng.FeatureWrapper)[pri:0, instance:runners.PartIRunner@72f926e6]" started-at="2024-07-11T11:57:14 CEST" name="runScenario" description="Runs Cucumber Scenarios" data-provider="scenarios" finished-at="2024-07-11T11:57:28 CEST" duration-ms="13302" status="PASS">
          <params>
            <param index="0">
              <value>
                <![CDATA["Creating txt document with open position data"]]>
              </value>
            </param>
            <param index="1">
              <value>
                <![CDATA["Part I"]]>
              </value>
            </param>
          </params>
          <reporter-output>
          </reporter-output>
        </test-method> <!-- runScenario -->
        <test-method is-config="true" signature="tearDownClass()[pri:0, instance:runners.PartIRunner@72f926e6]" started-at="2024-07-11T11:57:28 CEST" name="tearDownClass" finished-at="2024-07-11T11:57:30 CEST" duration-ms="2475" status="PASS">
          <reporter-output>
          </reporter-output>
        </test-method> <!-- tearDownClass -->
      </class> <!-- runners.PartIRunner -->
    </test> <!-- Surefire test -->
  </suite> <!-- Surefire suite -->
</testng-results>
