<?xml version="1.0" encoding="UTF-8"?>
<testng-results ignored="0" total="4" passed="4" failed="0" skipped="0">
  <reporter-output>
  </reporter-output>
  <suite started-at="2024-07-11T15:01:50 CEST" name="Surefire suite" finished-at="2024-07-11T15:02:33 CEST" duration-ms="43280">
    <groups>
      <group name="cucumber">
        <method signature="AbstractTestNGCucumberTests.runScenario(io.cucumber.testng.PickleWrapper,io.cucumber.testng.FeatureWrapper)[pri:0, instance:runners.PartIRunner@31c88ec8]" name="runScenario" class="io.cucumber.testng.AbstractTestNGCucumberTests"/>
      </group> <!-- cucumber -->
    </groups>
    <test started-at="2024-07-11T15:01:50 CEST" name="Surefire test" finished-at="2024-07-11T15:02:33 CEST" duration-ms="43280">
      <class name="runners.PartIRunner">
        <test-method is-config="true" signature="setUpClass(org.testng.ITestContext)[pri:0, instance:runners.PartIRunner@31c88ec8]" started-at="2024-07-11T15:01:50 CEST" name="setUpClass" finished-at="2024-07-11T15:01:50 CEST" duration-ms="342" status="PASS">
          <params>
            <param index="0">
              <value>
                <![CDATA[org.testng.TestRunner@79ba0285]]>
              </value>
            </param>
          </params>
          <reporter-output>
          </reporter-output>
        </test-method> <!-- setUpClass -->
        <test-method signature="runScenario(io.cucumber.testng.PickleWrapper,io.cucumber.testng.FeatureWrapper)[pri:0, instance:runners.PartIRunner@31c88ec8]" started-at="2024-07-11T15:01:50 CEST" name="runScenario" description="Runs Cucumber Scenarios" data-provider="scenarios" finished-at="2024-07-11T15:01:58 CEST" duration-ms="8133" status="PASS">
          <params>
            <param index="0">
              <value>
                <![CDATA["Navigating to Symphony URL and maximizing the window"]]>
              </value>
            </param>
            <param index="1">
              <value>
                <![CDATA["Part I"]]>
              </value>
            </param>
          </params>
          <reporter-output>
          </reporter-output>
        </test-method> <!-- runScenario -->
        <test-method signature="runScenario(io.cucumber.testng.PickleWrapper,io.cucumber.testng.FeatureWrapper)[pri:0, instance:runners.PartIRunner@31c88ec8]" started-at="2024-07-11T15:01:58 CEST" name="runScenario" description="Runs Cucumber Scenarios" data-provider="scenarios" finished-at="2024-07-11T15:02:07 CEST" duration-ms="8220" status="PASS">
          <params>
            <param index="0">
              <value>
                <![CDATA["Opening the About Us-Company section and checking information and URL"]]>
              </value>
            </param>
            <param index="1">
              <value>
                <![CDATA["Part I"]]>
              </value>
            </param>
          </params>
          <reporter-output>
          </reporter-output>
        </test-method> <!-- runScenario -->
        <test-method signature="runScenario(io.cucumber.testng.PickleWrapper,io.cucumber.testng.FeatureWrapper)[pri:0, instance:runners.PartIRunner@31c88ec8]" started-at="2024-07-11T15:02:07 CEST" name="runScenario" description="Runs Cucumber Scenarios" data-provider="scenarios" finished-at="2024-07-11T15:02:17 CEST" duration-ms="9938" status="PASS">
          <params>
            <param index="0">
              <value>
                <![CDATA["Opening Careers and checking Current Openings"]]>
              </value>
            </param>
            <param index="1">
              <value>
                <![CDATA["Part I"]]>
              </value>
            </param>
          </params>
          <reporter-output>
          </reporter-output>
        </test-method> <!-- runScenario -->
        <test-method signature="runScenario(io.cucumber.testng.PickleWrapper,io.cucumber.testng.FeatureWrapper)[pri:0, instance:runners.PartIRunner@31c88ec8]" started-at="2024-07-11T15:02:17 CEST" name="runScenario" description="Runs Cucumber Scenarios" data-provider="scenarios" finished-at="2024-07-11T15:02:31 CEST" duration-ms="14406" status="PASS">
          <params>
            <param index="0">
              <value>
                <![CDATA["Creating txt document with open position data"]]>
              </value>
            </param>
            <param index="1">
              <value>
                <![CDATA["Part I"]]>
              </value>
            </param>
          </params>
          <reporter-output>
          </reporter-output>
        </test-method> <!-- runScenario -->
        <test-method is-config="true" signature="tearDownClass()[pri:0, instance:runners.PartIRunner@31c88ec8]" started-at="2024-07-11T15:02:31 CEST" name="tearDownClass" finished-at="2024-07-11T15:02:33 CEST" duration-ms="2209" status="PASS">
          <reporter-output>
          </reporter-output>
        </test-method> <!-- tearDownClass -->
      </class> <!-- runners.PartIRunner -->
    </test> <!-- Surefire test -->
  </suite> <!-- Surefire suite -->
</testng-results>
