<?xml version="1.0" encoding="UTF-8"?>
<testsuite xmlns:xsi="http://www.w3.org/2001/XMLSchema-instance" xsi:noNamespaceSchemaLocation="https://maven.apache.org/surefire/maven-surefire-plugin/xsd/surefire-test-report-3.0.xsd" version="3.0" name="runners.PartIRunner" time="43.741" tests="4" errors="0" skipped="0" failures="0">
  <properties>
[...]
</properties>
  <testcase name="runScenario[&quot;Navigating to Symphony URL and maximizing the window&quot;, &quot;Part I&quot;](1)" classname="runners.PartIRunner" time="8.131">
    <system-out><![CDATA[[main] 11 Jul 2024 15:01:51,295 &amp#27;[33mINFO &amp#27;[m &amp#27;[34m[Test initialization]&amp#27;[m Navigating to Symphony URL and maximizing the window STARTED!
[main] 11 Jul 2024 15:01:52,909 &amp#27;[33mINFO &amp#27;[m &amp#27;[34m[PartI]&amp#27;[m Opening maximized browser and navigating to URL
[main] 11 Jul 2024 15:01:57,646 &amp#27;[33mINFO &amp#27;[m &amp#27;[34m[PartI]&amp#27;[m Browser with Homepage URL opened
[main] 11 Jul 2024 15:01:57,649 &amp#27;[33mINFO &amp#27;[m &amp#27;[34m[PartI]&amp#27;[m Checking if Homepage Url is opened
[main] 11 Jul 2024 15:01:57,677 &amp#27;[33mINFO &amp#27;[m &amp#27;[34m[PartI]&amp#27;[m Homepage URL opened
[main] 11 Jul 2024 15:01:57,692 &amp#27;[33mINFO &amp#27;[m &amp#27;[34m[PartI]&amp#27;[m Checking Homepage logo is displayed
[main] 11 Jul 2024 15:01:57,740 &amp#27;[33mINFO &amp#27;[m &amp#27;[34m[PartI]&amp#27;[m Homepage logo is displayed
[main] 11 Jul 2024 15:01:58,984 &amp#27;[33mINFO &amp#27;[m &amp#27;[34m[Test termination]&amp#27;[m 53813ed7-8e62-4e57-8caa-90f20f5fa909_Navigating to Symphony URL and maximizing the window PASSED!
]]></system-out>
    <system-err><![CDATA[SLF4J: Failed to load class "org.slf4j.impl.StaticLoggerBinder".
SLF4J: Defaulting to no-operation (NOP) logger implementation
SLF4J: See http://www.slf4j.org/codes.html#StaticLoggerBinder for further details.
]]></system-err>
  </testcase>
  <testcase name="runScenario[&quot;Opening the About Us-Company section and checking information and URL&quot;, &quot;Part I&quot;](2)" classname="runners.PartIRunner" time="8.22">
    <system-out><![CDATA[[main] 11 Jul 2024 15:01:58,991 &amp#27;[33mINFO &amp#27;[m &amp#27;[34m[Test termination]&amp#27;[m Opening the About Us-Company section and checking information and URL STARTED!
[main] 11 Jul 2024 15:02:00,235 &amp#27;[33mINFO &amp#27;[m &amp#27;[34m[PartI]&amp#27;[m Opening maximized browser and navigating to URL
[main] 11 Jul 2024 15:02:04,223 &amp#27;[33mINFO &amp#27;[m &amp#27;[34m[PartI]&amp#27;[m Browser with Homepage URL opened
[main] 11 Jul 2024 15:02:07,204 &amp#27;[33mINFO &amp#27;[m &amp#27;[34m[Test termination]&amp#27;[m 1aeac43e-5fd9-4173-918a-8a02a317c556_Opening the About Us-Company section and checking information and URL PASSED!
]]></system-out>
  </testcase>
  <testcase name="runScenario[&quot;Opening Careers and checking Current Openings&quot;, &quot;Part I&quot;](3)" classname="runners.PartIRunner" time="9.938">
    <system-out><![CDATA[[main] 11 Jul 2024 15:02:07,204 &amp#27;[33mINFO &amp#27;[m &amp#27;[34m[Test termination]&amp#27;[m Opening Careers and checking Current Openings STARTED!
[main] 11 Jul 2024 15:02:08,374 &amp#27;[33mINFO &amp#27;[m &amp#27;[34m[PartI]&amp#27;[m Opening maximized browser and navigating to URL
[main] 11 Jul 2024 15:02:14,781 &amp#27;[33mINFO &amp#27;[m &amp#27;[34m[PartI]&amp#27;[m Browser with Homepage URL opened
[main] 11 Jul 2024 15:02:17,140 &amp#27;[33mINFO &amp#27;[m &amp#27;[34m[Test termination]&amp#27;[m a4e90e18-ca48-4403-82b9-89d58f767803_Opening Careers and checking Current Openings PASSED!
]]></system-out>
  </testcase>
  <testcase name="runScenario[&quot;Creating txt document with open position data&quot;, &quot;Part I&quot;](4)" classname="runners.PartIRunner" time="14.409">
    <system-out><![CDATA[[main] 11 Jul 2024 15:02:17,142 &amp#27;[33mINFO &amp#27;[m &amp#27;[34m[Test termination]&amp#27;[m Creating txt document with open position data STARTED!
[main] 11 Jul 2024 15:02:18,361 &amp#27;[33mINFO &amp#27;[m &amp#27;[34m[PartI]&amp#27;[m Opening maximized browser and navigating to URL
[main] 11 Jul 2024 15:02:25,166 &amp#27;[33mINFO &amp#27;[m &amp#27;[34m[PartI]&amp#27;[m Browser with Homepage URL opened
[main] 11 Jul 2024 15:02:31,548 &amp#27;[33mINFO &amp#27;[m &amp#27;[34m[Test termination]&amp#27;[m 156407e6-3eeb-40bc-8837-a2b19353be8e_Creating txt document with open position data PASSED!
]]></system-out>
  </testcase>
</testsuite>